# JRE version: Java(TM) SE Runtime Environment (8.0_51-b16) (build 1.8.0_51-b16)
# Java VM: Java HotSpot(TM) 64-Bit Server VM (25.51-b03 mixed mode bsd-amd64 compressed oops)
Heap:
 PSYoungGen      total 22016K, used 1534K [0x00000007aab00000, 0x00000007ac480000, 0x00000007c0000000)
  eden space 17920K, 3% used [0x00000007aab00000,0x00000007aabaee40,0x00000007abc80000)
  from space 4096K, 20% used [0x00000007abc80000,0x00000007abd50c10,0x00000007ac080000)
  to   space 4096K, 0% used [0x00000007ac080000,0x00000007ac080000,0x00000007ac480000)
 ParOldGen       total 44032K, used 32973K [0x0000000780000000, 0x0000000782b00000, 0x00000007aab00000)
  object space 44032K, 74% used [0x0000000780000000,0x0000000782033458,0x0000000782b00000)
 Metaspace       used 9426K, capacity 9602K, committed 9856K, reserved 1058816K
  class space    used 994K, capacity 1051K, committed 1152K, reserved 1048576K
GC Heap History (10 events):
Event: 50.288 GC heap before
{Heap before GC invocations=73 (full 0):
 PSYoungGen      total 20992K, used 20844K [0x00000007aab00000, 0x00000007ac700000, 0x00000007c0000000)
  eden space 17920K, 100% used [0x00000007aab00000,0x00000007abc80000,0x00000007abc80000)
  from space 3072K, 95% used [0x00000007ac400000,0x00000007ac6db040,0x00000007ac700000)
  to   space 4096K, 0% used [0x00000007abf00000,0x00000007abf00000,0x00000007ac300000)
 ParOldGen       total 44032K, used 32193K [0x0000000780000000, 0x0000000782b00000, 0x00000007aab00000)
  object space 44032K, 73% used [0x0000000780000000,0x0000000781f707f8,0x0000000782b00000)
 Metaspace       used 9423K, capacity 9602K, committed 9856K, reserved 1058816K
  class space    used 994K, capacity 1051K, committed 1152K, reserved 1048576K
Event: 50.289 GC heap after
Heap after GC invocations=73 (full 0):
 PSYoungGen      total 19968K, used 1542K [0x00000007aab00000, 0x00000007ac480000, 0x00000007c0000000)
  eden space 17920K, 0% used [0x00000007aab00000,0x00000007aab00000,0x00000007abc80000)
  from space 2048K, 75% used [0x00000007abf00000,0x00000007ac081820,0x00000007ac100000)
  to   space 3584K, 0% used [0x00000007ac100000,0x00000007ac100000,0x00000007ac480000)
 ParOldGen       total 44032K, used 32210K [0x0000000780000000, 0x0000000782b00000, 0x00000007aab00000)
  object space 44032K, 73% used [0x0000000780000000,0x0000000781f74808,0x0000000782b00000)
 Metaspace       used 9423K, capacity 9602K, committed 9856K, reserved 1058816K
  class space    used 994K, capacity 1051K, committed 1152K, reserved 1048576K
}
Event: 50.630 GC heap before
{Heap before GC invocations=74 (full 0):
 PSYoungGen      total 19968K, used 19462K [0x00000007aab00000, 0x00000007ac480000, 0x00000007c0000000)
  eden space 17920K, 100% used [0x00000007aab00000,0x00000007abc80000,0x00000007abc80000)
  from space 2048K, 75% used [0x00000007abf00000,0x00000007ac081820,0x00000007ac100000)
  to   space 3584K, 0% used [0x00000007ac100000,0x00000007ac100000,0x00000007ac480000)
 ParOldGen       total 44032K, used 32210K [0x0000000780000000, 0x0000000782b00000, 0x00000007aab00000)
  object space 44032K, 73% used [0x0000000780000000,0x0000000781f74808,0x0000000782b00000)
 Metaspace       used 9423K, capacity 9602K, committed 9856K, reserved 1058816K
  class space    used 994K, capacity 1051K, committed 1152K, reserved 1048576K
Event: 50.631 GC heap after
Heap after GC invocations=74 (full 0):
 PSYoungGen      total 21504K, used 1510K [0x00000007aab00000, 0x00000007ac480000, 0x00000007c0000000)
  eden space 17920K, 0% used [0x00000007aab00000,0x00000007aab00000,0x00000007abc80000)
  from space 3584K, 42% used [0x00000007ac100000,0x00000007ac279820,0x00000007ac480000)
  to   space 4096K, 0% used [0x00000007abc80000,0x00000007abc80000,0x00000007ac080000)
 ParOldGen       total 44032K, used 32234K [0x0000000780000000, 0x0000000782b00000, 0x00000007aab00000)
  object space 44032K, 73% used [0x0000000780000000,0x0000000781f7a818,0x0000000782b00000)
 Metaspace       used 9423K, capacity 9602K, committed 9856K, reserved 1058816K
  class space    used 994K, capacity 1051K, committed 1152K, reserved 1048576K
}
Event: 50.901 GC heap before
{Heap before GC invocations=75 (full 0):
 PSYoungGen      total 21504K, used 19430K [0x00000007aab00000, 0x00000007ac480000, 0x00000007c0000000)
  eden space 17920K, 100% used [0x00000007aab00000,0x00000007abc80000,0x00000007abc80000)
  from space 3584K, 42% used [0x00000007ac100000,0x00000007ac279820,0x00000007ac480000)
  to   space 4096K, 0% used [0x00000007abc80000,0x00000007abc80000,0x00000007ac080000)
 ParOldGen       total 44032K, used 32234K [0x0000000780000000, 0x0000000782b00000, 0x00000007aab00000)
  object space 44032K, 73% used [0x0000000780000000,0x0000000781f7a818,0x0000000782b00000)
 Metaspace       used 9423K, capacity 9602K, committed 9856K, reserved 1058816K
  class space    used 994K, capacity 1051K, committed 1152K, reserved 1048576K
Event: 50.902 GC heap after
Heap after GC invocations=75 (full 0):
 PSYoungGen      total 22016K, used 2217K [0x00000007aab00000, 0x00000007ac480000, 0x00000007c0000000)
  eden space 17920K, 0% used [0x00000007aab00000,0x00000007aab00000,0x00000007abc80000)
  from space 4096K, 54% used [0x00000007abc80000,0x00000007abeaa430,0x00000007ac080000)
  to   space 4096K, 0% used [0x00000007ac080000,0x00000007ac080000,0x00000007ac480000)
 ParOldGen       total 44032K, used 32258K [0x0000000780000000, 0x0000000782b00000, 0x00000007aab00000)
  object space 44032K, 73% used [0x0000000780000000,0x0000000781f80828,0x0000000782b00000)
 Metaspace       used 9423K, capacity 9602K, committed 9856K, reserved 1058816K
  class space    used 994K, capacity 1051K, committed 1152K, reserved 1048576K
}
Event: 51.238 GC heap before
{Heap before GC invocations=76 (full 0):
 PSYoungGen      total 22016K, used 20137K [0x00000007aab00000, 0x00000007ac480000, 0x00000007c0000000)
  eden space 17920K, 100% used [0x00000007aab00000,0x00000007abc80000,0x00000007abc80000)
  from space 4096K, 54% used [0x00000007abc80000,0x00000007abeaa430,0x00000007ac080000)
  to   space 4096K, 0% used [0x00000007ac080000,0x00000007ac080000,0x00000007ac480000)
 ParOldGen       total 44032K, used 32258K [0x0000000780000000, 0x0000000782b00000, 0x00000007aab00000)
  object space 44032K, 73% used [0x0000000780000000,0x0000000781f80828,0x0000000782b00000)
 Metaspace       used 9426K, capacity 9602K, committed 9856K, reserved 1058816K
  class space    used 994K, capacity 1051K, committed 1152K, reserved 1048576K
Event: 51.239 GC heap after
Heap after GC invocations=76 (full 0):
 PSYoungGen      total 22016K, used 2217K [0x00000007aab00000, 0x00000007ac480000, 0x00000007c0000000)
  eden space 17920K, 0% used [0x00000007aab00000,0x00000007aab00000,0x00000007abc80000)
  from space 4096K, 54% used [0x00000007ac080000,0x00000007ac2aa430,0x00000007ac480000)
  to   space 4096K, 0% used [0x00000007abc80000,0x00000007abc80000,0x00000007ac080000)
 ParOldGen       total 44032K, used 32282K [0x0000000780000000, 0x0000000782b00000, 0x00000007aab00000)
  object space 44032K, 73% used [0x0000000780000000,0x0000000781f86838,0x0000000782b00000)
 Metaspace       used 9426K, capacity 9602K, committed 9856K, reserved 1058816K
  class space    used 994K, capacity 1051K, committed 1152K, reserved 1048576K
}
Event: 51.521 GC heap before
{Heap before GC invocations=77 (full 0):
 PSYoungGen      total 22016K, used 19565K [0x00000007aab00000, 0x00000007ac480000, 0x00000007c0000000)
  eden space 17920K, 96% used [0x00000007aab00000,0x00000007abbf1338,0x00000007abc80000)
  from space 4096K, 54% used [0x00000007ac080000,0x00000007ac2aa430,0x00000007ac480000)
  to   space 4096K, 0% used [0x00000007abc80000,0x00000007abc80000,0x00000007ac080000)
 ParOldGen       total 44032K, used 32957K [0x0000000780000000, 0x0000000782b00000, 0x00000007aab00000)
  object space 44032K, 74% used [0x0000000780000000,0x000000078202f448,0x0000000782b00000)
 Metaspace       used 9426K, capacity 9602K, committed 9856K, reserved 1058816K
  class space    used 994K, capacity 1051K, committed 1152K, reserved 1048576K
Event: 51.524 GC heap after
Heap after GC invocations=77 (full 0):
 PSYoungGen      total 22016K, used 835K [0x00000007aab00000, 0x00000007ac480000, 0x00000007c0000000)
  eden space 17920K, 0% used [0x00000007aab00000,0x00000007aab00000,0x00000007abc80000)
  from space 4096K, 20% used [0x00000007abc80000,0x00000007abd50c10,0x00000007ac080000)
  to   space 4096K, 0% used [0x00000007ac080000,0x00000007ac080000,0x00000007ac480000)
 ParOldGen       total 44032K, used 32973K [0x0000000780000000, 0x0000000782b00000, 0x00000007aab00000)
  object space 44032K, 74% used [0x0000000780000000,0x0000000782033458,0x0000000782b00000)
 Metaspace       used 9426K, capacity 9602K, committed 9856K, reserved 1058816K
  class space    used 994K, capacity 1051K, committed 1152K, reserved 1048576K
}

