# JRE version: Java(TM) SE Runtime Environment (8.0_51-b16) (build 1.8.0_51-b16)
# Java VM: Java HotSpot(TM) 64-Bit Server VM (25.51-b03 mixed mode bsd-amd64 compressed oops)
Heap:
 PSYoungGen      total 25088K, used 1563K [0x00000007aab00000, 0x00000007ac800000, 0x00000007c0000000)
  eden space 21504K, 2% used [0x00000007aab00000,0x00000007aab9e370,0x00000007ac000000)
  from space 3584K, 25% used [0x00000007ac480000,0x00000007ac568c10,0x00000007ac800000)
  to   space 4096K, 0% used [0x00000007ac000000,0x00000007ac000000,0x00000007ac400000)
 ParOldGen       total 25088K, used 10086K [0x0000000780000000, 0x0000000781880000, 0x00000007aab00000)
  object space 25088K, 40% used [0x0000000780000000,0x00000007809d9988,0x0000000781880000)
 Metaspace       used 12384K, capacity 12594K, committed 12672K, reserved 1060864K
  class space    used 1295K, capacity 1371K, committed 1408K, reserved 1048576K
GC Heap History (10 events):
Event: 278.966 GC heap before
{Heap before GC invocations=888 (full 18):
 PSYoungGen      total 27136K, used 24064K [0x00000007aab00000, 0x00000007aca80000, 0x00000007c0000000)
  eden space 24064K, 100% used [0x00000007aab00000,0x00000007ac280000,0x00000007ac280000)
  from space 3072K, 0% used [0x00000007ac300000,0x00000007ac300000,0x00000007ac600000)
  to   space 4096K, 0% used [0x00000007ac680000,0x00000007ac680000,0x00000007aca80000)
 ParOldGen       total 25088K, used 5860K [0x0000000780000000, 0x0000000781880000, 0x00000007aab00000)
  object space 25088K, 23% used [0x0000000780000000,0x00000007805b9260,0x0000000781880000)
 Metaspace       used 12384K, capacity 12594K, committed 12672K, reserved 1060864K
  class space    used 1295K, capacity 1371K, committed 1408K, reserved 1048576K
Event: 278.973 GC heap after
Heap after GC invocations=888 (full 18):
 PSYoungGen      total 27136K, used 995K [0x00000007aab00000, 0x00000007aca00000, 0x00000007c0000000)
  eden space 23552K, 0% used [0x00000007aab00000,0x00000007aab00000,0x00000007ac200000)
  from space 3584K, 27% used [0x00000007ac680000,0x00000007ac778c20,0x00000007aca00000)
  to   space 4096K, 0% used [0x00000007ac200000,0x00000007ac200000,0x00000007ac600000)
 ParOldGen       total 25088K, used 5860K [0x0000000780000000, 0x0000000781880000, 0x00000007aab00000)
  object space 25088K, 23% used [0x0000000780000000,0x00000007805b9260,0x0000000781880000)
 Metaspace       used 12384K, capacity 12594K, committed 12672K, reserved 1060864K
  class space    used 1295K, capacity 1371K, committed 1408K, reserved 1048576K
}
Event: 279.306 GC heap before
{Heap before GC invocations=889 (full 18):
 PSYoungGen      total 27136K, used 24399K [0x00000007aab00000, 0x00000007aca00000, 0x00000007c0000000)
  eden space 23552K, 99% used [0x00000007aab00000,0x00000007ac1db180,0x00000007ac200000)
  from space 3584K, 27% used [0x00000007ac680000,0x00000007ac778c20,0x00000007aca00000)
  to   space 4096K, 0% used [0x00000007ac200000,0x00000007ac200000,0x00000007ac600000)
 ParOldGen       total 25088K, used 6535K [0x0000000780000000, 0x0000000781880000, 0x00000007aab00000)
  object space 25088K, 26% used [0x0000000780000000,0x0000000780661e70,0x0000000781880000)
 Metaspace       used 12384K, capacity 12594K, committed 12672K, reserved 1060864K
  class space    used 1295K, capacity 1371K, committed 1408K, reserved 1048576K
Event: 279.308 GC heap after
Heap after GC invocations=889 (full 18):
 PSYoungGen      total 25088K, used 1670K [0x00000007aab00000, 0x00000007ac980000, 0x00000007c0000000)
  eden space 23040K, 0% used [0x00000007aab00000,0x00000007aab00000,0x00000007ac180000)
  from space 2048K, 81% used [0x00000007ac200000,0x00000007ac3a1820,0x00000007ac400000)
  to   space 4096K, 0% used [0x00000007ac580000,0x00000007ac580000,0x00000007ac980000)
 ParOldGen       total 25088K, used 8632K [0x0000000780000000, 0x0000000781880000, 0x00000007aab00000)
  object space 25088K, 34% used [0x0000000780000000,0x000000078086e2c0,0x0000000781880000)
 Metaspace       used 12384K, capacity 12594K, committed 12672K, reserved 1060864K
  class space    used 1295K, capacity 1371K, committed 1408K, reserved 1048576K
}
Event: 279.619 GC heap before
{Heap before GC invocations=890 (full 18):
 PSYoungGen      total 25088K, used 24710K [0x00000007aab00000, 0x00000007ac980000, 0x00000007c0000000)
  eden space 23040K, 100% used [0x00000007aab00000,0x00000007ac180000,0x00000007ac180000)
  from space 2048K, 81% used [0x00000007ac200000,0x00000007ac3a1820,0x00000007ac400000)
  to   space 4096K, 0% used [0x00000007ac580000,0x00000007ac580000,0x00000007ac980000)
 ParOldGen       total 25088K, used 8648K [0x0000000780000000, 0x0000000781880000, 0x00000007aab00000)
  object space 25088K, 34% used [0x0000000780000000,0x0000000780872138,0x0000000781880000)
 Metaspace       used 12384K, capacity 12594K, committed 12672K, reserved 1060864K
  class space    used 1295K, capacity 1371K, committed 1408K, reserved 1048576K
Event: 279.620 GC heap after
Heap after GC invocations=890 (full 18):
 PSYoungGen      total 26112K, used 2313K [0x00000007aab00000, 0x00000007ac900000, 0x00000007c0000000)
  eden space 22528K, 0% used [0x00000007aab00000,0x00000007aab00000,0x00000007ac100000)
  from space 3584K, 64% used [0x00000007ac580000,0x00000007ac7c2430,0x00000007ac900000)
  to   space 4096K, 0% used [0x00000007ac100000,0x00000007ac100000,0x00000007ac500000)
 ParOldGen       total 25088K, used 8672K [0x0000000780000000, 0x0000000781880000, 0x00000007aab00000)
  object space 25088K, 34% used [0x0000000780000000,0x0000000780878148,0x0000000781880000)
 Metaspace       used 12384K, capacity 12594K, committed 12672K, reserved 1060864K
  class space    used 1295K, capacity 1371K, committed 1408K, reserved 1048576K
}
Event: 279.939 GC heap before
{Heap before GC invocations=891 (full 18):
 PSYoungGen      total 26112K, used 24841K [0x00000007aab00000, 0x00000007ac900000, 0x00000007c0000000)
  eden space 22528K, 100% used [0x00000007aab00000,0x00000007ac100000,0x00000007ac100000)
  from space 3584K, 64% used [0x00000007ac580000,0x00000007ac7c2430,0x00000007ac900000)
  to   space 4096K, 0% used [0x00000007ac100000,0x00000007ac100000,0x00000007ac500000)
 ParOldGen       total 25088K, used 8672K [0x0000000780000000, 0x0000000781880000, 0x00000007aab00000)
  object space 25088K, 34% used [0x0000000780000000,0x0000000780878148,0x0000000781880000)
 Metaspace       used 12384K, capacity 12594K, committed 12672K, reserved 1060864K
  class space    used 1295K, capacity 1371K, committed 1408K, reserved 1048576K
Event: 279.940 GC heap after
Heap after GC invocations=891 (full 18):
 PSYoungGen      total 24064K, used 1638K [0x00000007aab00000, 0x00000007ac880000, 0x00000007c0000000)
  eden space 22016K, 0% used [0x00000007aab00000,0x00000007aab00000,0x00000007ac080000)
  from space 2048K, 79% used [0x00000007ac100000,0x00000007ac299820,0x00000007ac300000)
  to   space 4096K, 0% used [0x00000007ac480000,0x00000007ac480000,0x00000007ac880000)
 ParOldGen       total 25088K, used 9371K [0x0000000780000000, 0x0000000781880000, 0x00000007aab00000)
  object space 25088K, 37% used [0x0000000780000000,0x0000000780926d68,0x0000000781880000)
 Metaspace       used 12384K, capacity 12594K, committed 12672K, reserved 1060864K
  class space    used 1295K, capacity 1371K, committed 1408K, reserved 1048576K
}
Event: 280.227 GC heap before
{Heap before GC invocations=892 (full 18):
 PSYoungGen      total 24064K, used 23141K [0x00000007aab00000, 0x00000007ac880000, 0x00000007c0000000)
  eden space 22016K, 97% used [0x00000007aab00000,0x00000007abffff28,0x00000007ac080000)
  from space 2048K, 79% used [0x00000007ac100000,0x00000007ac299820,0x00000007ac300000)
  to   space 4096K, 0% used [0x00000007ac480000,0x00000007ac480000,0x00000007ac880000)
 ParOldGen       total 25088K, used 10046K [0x0000000780000000, 0x0000000781880000, 0x00000007aab00000)
  object space 25088K, 40% used [0x0000000780000000,0x00000007809cf978,0x0000000781880000)
 Metaspace       used 12384K, capacity 12594K, committed 12672K, reserved 1060864K
  class space    used 1295K, capacity 1371K, committed 1408K, reserved 1048576K
Event: 280.228 GC heap after
Heap after GC invocations=892 (full 18):
 PSYoungGen      total 25088K, used 931K [0x00000007aab00000, 0x00000007ac800000, 0x00000007c0000000)
  eden space 21504K, 0% used [0x00000007aab00000,0x00000007aab00000,0x00000007ac000000)
  from space 3584K, 25% used [0x00000007ac480000,0x00000007ac568c10,0x00000007ac800000)
  to   space 4096K, 0% used [0x00000007ac000000,0x00000007ac000000,0x00000007ac400000)
 ParOldGen       total 25088K, used 10086K [0x0000000780000000, 0x0000000781880000, 0x00000007aab00000)
  object space 25088K, 40% used [0x0000000780000000,0x00000007809d9988,0x0000000781880000)
 Metaspace       used 12384K, capacity 12594K, committed 12672K, reserved 1060864K
  class space    used 1295K, capacity 1371K, committed 1408K, reserved 1048576K
}

